{"timestamp":"2026-03-31T21:36:58.646352Z","level":"info","event":"DAG bundles loaded: dags-folder, example_dags","logger":"airflow.dag_processing.bundles.manager.DagBundlesManager","filename":"manager.py","lineno":179}
{"timestamp":"2026-03-31T21:36:58.651712Z","level":"info","event":"Filling up the DagBag from /home/charlie/Documents/projects/news-summarizer/dags/news_pipeline.py","logger":"airflow.models.dagbag.BundleDagBag","filename":"dagbag.py","lineno":593}
{"timestamp":"2026-03-31T21:36:59.627924Z","level":"info","event":"Stats instance was created in PID 6891 but accessed in PID 7422. Re-initializing.","logger":"airflow.stats","filename":"stats.py","lineno":57}
{"timestamp":"2026-03-31T21:36:59.734958Z","level":"info","event":"Task instance is in running state","logger":"task.stdout"}
{"timestamp":"2026-03-31T21:36:59.735459Z","level":"info","event":" Previous state of the Task instance: TaskInstanceState.QUEUED","logger":"task.stdout"}
{"timestamp":"2026-03-31T21:36:59.735858Z","level":"info","event":"Current task name:dvc_add_processed","logger":"task.stdout"}
{"timestamp":"2026-03-31T21:36:59.736179Z","level":"info","event":"Dag name:news_summarizer","logger":"task.stdout"}
{"timestamp":"2026-03-31T21:36:59.737255Z","level":"info","event":"Tmp dir root location: /tmp","logger":"airflow.task.hooks.airflow.providers.standard.hooks.subprocess.SubprocessHook","filename":"subprocess.py","lineno":78}
{"timestamp":"2026-03-31T21:36:59.741710Z","level":"info","event":"Running command: ['/usr/bin/bash', '-c', 'cd /home/charlie/Documents/projects/news-summarizer && uv run dvc add data/processed']","logger":"airflow.task.hooks.airflow.providers.standard.hooks.subprocess.SubprocessHook","filename":"subprocess.py","lineno":80}
{"timestamp":"2026-03-31T21:36:59.745922Z","level":"info","event":"Output:","logger":"airflow.task.hooks.airflow.providers.standard.hooks.subprocess.SubprocessHook","filename":"subprocess.py","lineno":92}
{"timestamp":"2026-03-31T21:37:05.954391Z","level":"info","event":"","logger":"airflow.task.hooks.airflow.providers.standard.hooks.subprocess.SubprocessHook","filename":"subprocess.py","lineno":99}
{"timestamp":"2026-03-31T21:37:05.954799Z","level":"info","event":"To track the changes with git, run:","logger":"airflow.task.hooks.airflow.providers.standard.hooks.subprocess.SubprocessHook","filename":"subprocess.py","lineno":99}
{"timestamp":"2026-03-31T21:37:05.955086Z","level":"info","event":"","logger":"airflow.task.hooks.airflow.providers.standard.hooks.subprocess.SubprocessHook","filename":"subprocess.py","lineno":99}
{"timestamp":"2026-03-31T21:37:05.955260Z","level":"info","event":"\tgit add data/processed.dvc","logger":"airflow.task.hooks.airflow.providers.standard.hooks.subprocess.SubprocessHook","filename":"subprocess.py","lineno":99}
{"timestamp":"2026-03-31T21:37:05.955439Z","level":"info","event":"","logger":"airflow.task.hooks.airflow.providers.standard.hooks.subprocess.SubprocessHook","filename":"subprocess.py","lineno":99}
{"timestamp":"2026-03-31T21:37:05.955690Z","level":"info","event":"To enable auto staging, run:","logger":"airflow.task.hooks.airflow.providers.standard.hooks.subprocess.SubprocessHook","filename":"subprocess.py","lineno":99}
{"timestamp":"2026-03-31T21:37:05.955845Z","level":"info","event":"","logger":"airflow.task.hooks.airflow.providers.standard.hooks.subprocess.SubprocessHook","filename":"subprocess.py","lineno":99}
{"timestamp":"2026-03-31T21:37:05.956011Z","level":"info","event":"\tdvc config core.autostage true","logger":"airflow.task.hooks.airflow.providers.standard.hooks.subprocess.SubprocessHook","filename":"subprocess.py","lineno":99}
{"timestamp":"2026-03-31T21:37:06.655813Z","level":"info","event":"Command exited with return code 0","logger":"airflow.task.hooks.airflow.providers.standard.hooks.subprocess.SubprocessHook","filename":"subprocess.py","lineno":103}
{"timestamp":"2026-03-31T21:37:06.657075Z","level":"info","event":"Pushing xcom","ti":"RuntimeTaskInstance(id=UUID('019d45d3-c492-7926-ab18-e3ce9f91ad3a'), task_id='dvc_add_processed', dag_id='news_summarizer', run_id='manual__2026-03-31T21:36:39.496544+00:00', try_number=1, dag_version_id=UUID('019d45d1-bd0a-7b72-ad26-81bfcdb67707'), map_index=-1, hostname='charlie-IdeaPad-3-15IML05', context_carrier={}, task=<Task(BashOperator): dvc_add_processed>, bundle_instance=LocalDagBundle(name=dags-folder), max_tries=1, start_date=datetime.datetime(2026, 3, 31, 21, 36, 58, 500242, tzinfo=datetime.timezone.utc), end_date=None, state=<TaskInstanceState.RUNNING: 'running'>, is_mapped=False, rendered_map_index=None)","logger":"task","filename":"task_runner.py","lineno":1573}
{"timestamp":"2026-03-31T21:37:06.742634Z","level":"info","event":"Task instance in success state","logger":"task.stdout"}
{"timestamp":"2026-03-31T21:37:06.742978Z","level":"info","event":" Previous state of the Task instance: TaskInstanceState.RUNNING","logger":"task.stdout"}
{"timestamp":"2026-03-31T21:37:06.743470Z","level":"info","event":"Task operator:<Task(BashOperator): dvc_add_processed>","logger":"task.stdout"}
