{"timestamp":"2026-03-31T00:12:33.182056Z","level":"info","event":"DAG bundles loaded: dags-folder, example_dags","logger":"airflow.dag_processing.bundles.manager.DagBundlesManager","filename":"manager.py","lineno":179}
{"timestamp":"2026-03-31T00:12:33.187306Z","level":"info","event":"Filling up the DagBag from /home/charlie/Documents/projects/news-summarizer/dags/news_pipeline.py","logger":"airflow.models.dagbag.BundleDagBag","filename":"dagbag.py","lineno":593}
{"timestamp":"2026-03-31T00:12:33.980767Z","level":"info","event":"Stats instance was created in PID 21536 but accessed in PID 25883. Re-initializing.","logger":"airflow.stats","filename":"stats.py","lineno":57}
{"timestamp":"2026-03-31T00:12:34.078899Z","level":"info","event":"Task instance is in running state","logger":"task.stdout"}
{"timestamp":"2026-03-31T00:12:34.079394Z","level":"info","event":" Previous state of the Task instance: TaskInstanceState.QUEUED","logger":"task.stdout"}
{"timestamp":"2026-03-31T00:12:34.080106Z","level":"info","event":"Current task name:dvc_add_processed","logger":"task.stdout"}
{"timestamp":"2026-03-31T00:12:34.080509Z","level":"info","event":"Dag name:news_summarizer","logger":"task.stdout"}
{"timestamp":"2026-03-31T00:12:34.082013Z","level":"info","event":"Tmp dir root location: /tmp","logger":"airflow.task.hooks.airflow.providers.standard.hooks.subprocess.SubprocessHook","filename":"subprocess.py","lineno":78}
{"timestamp":"2026-03-31T00:12:34.084629Z","level":"info","event":"Running command: ['/usr/bin/bash', '-c', 'cd /home/charlie/Documents/projects/news-summarizer && uv run dvc add data/processed']","logger":"airflow.task.hooks.airflow.providers.standard.hooks.subprocess.SubprocessHook","filename":"subprocess.py","lineno":80}
{"timestamp":"2026-03-31T00:12:34.086924Z","level":"info","event":"Output:","logger":"airflow.task.hooks.airflow.providers.standard.hooks.subprocess.SubprocessHook","filename":"subprocess.py","lineno":92}
{"timestamp":"2026-03-31T00:12:38.255935Z","level":"info","event":"","logger":"airflow.task.hooks.airflow.providers.standard.hooks.subprocess.SubprocessHook","filename":"subprocess.py","lineno":99}
{"timestamp":"2026-03-31T00:12:38.256248Z","level":"info","event":"To track the changes with git, run:","logger":"airflow.task.hooks.airflow.providers.standard.hooks.subprocess.SubprocessHook","filename":"subprocess.py","lineno":99}
{"timestamp":"2026-03-31T00:12:38.256513Z","level":"info","event":"","logger":"airflow.task.hooks.airflow.providers.standard.hooks.subprocess.SubprocessHook","filename":"subprocess.py","lineno":99}
{"timestamp":"2026-03-31T00:12:38.256734Z","level":"info","event":"\tgit add data/processed.dvc","logger":"airflow.task.hooks.airflow.providers.standard.hooks.subprocess.SubprocessHook","filename":"subprocess.py","lineno":99}
{"timestamp":"2026-03-31T00:12:38.257034Z","level":"info","event":"","logger":"airflow.task.hooks.airflow.providers.standard.hooks.subprocess.SubprocessHook","filename":"subprocess.py","lineno":99}
{"timestamp":"2026-03-31T00:12:38.257295Z","level":"info","event":"To enable auto staging, run:","logger":"airflow.task.hooks.airflow.providers.standard.hooks.subprocess.SubprocessHook","filename":"subprocess.py","lineno":99}
{"timestamp":"2026-03-31T00:12:38.257551Z","level":"info","event":"","logger":"airflow.task.hooks.airflow.providers.standard.hooks.subprocess.SubprocessHook","filename":"subprocess.py","lineno":99}
{"timestamp":"2026-03-31T00:12:38.257767Z","level":"info","event":"\tdvc config core.autostage true","logger":"airflow.task.hooks.airflow.providers.standard.hooks.subprocess.SubprocessHook","filename":"subprocess.py","lineno":99}
{"timestamp":"2026-03-31T00:12:39.110090Z","level":"info","event":"Command exited with return code 0","logger":"airflow.task.hooks.airflow.providers.standard.hooks.subprocess.SubprocessHook","filename":"subprocess.py","lineno":103}
{"timestamp":"2026-03-31T00:12:39.111670Z","level":"info","event":"Pushing xcom","ti":"RuntimeTaskInstance(id=UUID('019d413b-f49a-7373-8aaa-5c240337cb0e'), task_id='dvc_add_processed', dag_id='news_summarizer', run_id='manual__2026-03-31T00:12:21.477246+00:00', try_number=1, dag_version_id=UUID('019d413a-8638-76a1-9ad8-cbf3f9a457bf'), map_index=-1, hostname='charlie-IdeaPad-3-15IML05', context_carrier={}, task=<Task(BashOperator): dvc_add_processed>, bundle_instance=LocalDagBundle(name=dags-folder), max_tries=1, start_date=datetime.datetime(2026, 3, 31, 0, 12, 33, 81787, tzinfo=datetime.timezone.utc), end_date=None, state=<TaskInstanceState.RUNNING: 'running'>, is_mapped=False, rendered_map_index=None)","logger":"task","filename":"task_runner.py","lineno":1573}
{"timestamp":"2026-03-31T00:12:39.313162Z","level":"info","event":"Task instance in success state","logger":"task.stdout"}
{"timestamp":"2026-03-31T00:12:39.313641Z","level":"info","event":" Previous state of the Task instance: TaskInstanceState.RUNNING","logger":"task.stdout"}
{"timestamp":"2026-03-31T00:12:39.315061Z","level":"info","event":"Task operator:<Task(BashOperator): dvc_add_processed>","logger":"task.stdout"}
